{"/Users/ahmedabdelmohsen/microverse/to-do-list/src/modules/store.js": {"path":"/Users/ahmedabdelmohsen/microverse/to-do-list/src/modules/store.js","statementMap":{"0":{"start":{"line":4,"column":20},"end":{"line":9,"column":3}},"1":{"start":{"line":6,"column":4},"end":{"line":7,"column":59}},"2":{"start":{"line":6,"column":40},"end":{"line":6,"column":51}},"3":{"start":{"line":7,"column":9},"end":{"line":7,"column":59}},"4":{"start":{"line":8,"column":4},"end":{"line":8,"column":17}},"5":{"start":{"line":11,"column":19},"end":{"line":17,"column":3}},"6":{"start":{"line":12,"column":18},"end":{"line":12,"column":34}},"7":{"start":{"line":13,"column":4},"end":{"line":13,"column":21}},"8":{"start":{"line":14,"column":4},"end":{"line":14,"column":57}},"9":{"start":{"line":15,"column":4},"end":{"line":15,"column":27}},"10":{"start":{"line":16,"column":4},"end":{"line":16,"column":17}},"11":{"start":{"line":19,"column":22},"end":{"line":25,"column":3}},"12":{"start":{"line":20,"column":16},"end":{"line":20,"column":32}},"13":{"start":{"line":21,"column":4},"end":{"line":21,"column":51}},"14":{"start":{"line":21,"column":35},"end":{"line":21,"column":49}},"15":{"start":{"line":22,"column":4},"end":{"line":22,"column":57}},"16":{"start":{"line":23,"column":4},"end":{"line":23,"column":27}},"17":{"start":{"line":24,"column":4},"end":{"line":24,"column":17}},"18":{"start":{"line":27,"column":30},"end":{"line":31,"column":4}},"19":{"start":{"line":27,"column":58},"end":{"line":31,"column":4}},"20":{"start":{"line":28,"column":4},"end":{"line":28,"column":73}},"21":{"start":{"line":28,"column":36},"end":{"line":28,"column":73}},"22":{"start":{"line":29,"column":4},"end":{"line":29,"column":71}},"23":{"start":{"line":29,"column":35},"end":{"line":29,"column":71}},"24":{"start":{"line":30,"column":4},"end":{"line":30,"column":16}},"25":{"start":{"line":33,"column":26},"end":{"line":42,"column":3}},"26":{"start":{"line":34,"column":4},"end":{"line":41,"column":5}},"27":{"start":{"line":35,"column":18},"end":{"line":35,"column":34}},"28":{"start":{"line":36,"column":6},"end":{"line":40,"column":9}},"29":{"start":{"line":37,"column":8},"end":{"line":37,"column":41}},"30":{"start":{"line":38,"column":8},"end":{"line":38,"column":58}},"31":{"start":{"line":39,"column":8},"end":{"line":39,"column":61}}},"fnMap":{"0":{"name":"(anonymous_0)","decl":{"start":{"line":4,"column":20},"end":{"line":4,"column":21}},"loc":{"start":{"line":4,"column":26},"end":{"line":9,"column":3}},"line":4},"1":{"name":"(anonymous_1)","decl":{"start":{"line":11,"column":19},"end":{"line":11,"column":20}},"loc":{"start":{"line":11,"column":29},"end":{"line":17,"column":3}},"line":11},"2":{"name":"(anonymous_2)","decl":{"start":{"line":19,"column":22},"end":{"line":19,"column":23}},"loc":{"start":{"line":19,"column":30},"end":{"line":25,"column":3}},"line":19},"3":{"name":"(anonymous_3)","decl":{"start":{"line":21,"column":25},"end":{"line":21,"column":26}},"loc":{"start":{"line":21,"column":35},"end":{"line":21,"column":49}},"line":21},"4":{"name":"(anonymous_4)","decl":{"start":{"line":27,"column":30},"end":{"line":27,"column":31}},"loc":{"start":{"line":27,"column":58},"end":{"line":31,"column":4}},"line":27},"5":{"name":"(anonymous_5)","decl":{"start":{"line":27,"column":68},"end":{"line":27,"column":69}},"loc":{"start":{"line":27,"column":78},"end":{"line":31,"column":3}},"line":27},"6":{"name":"(anonymous_6)","decl":{"start":{"line":33,"column":26},"end":{"line":33,"column":27}},"loc":{"start":{"line":33,"column":40},"end":{"line":42,"column":3}},"line":33},"7":{"name":"(anonymous_7)","decl":{"start":{"line":36,"column":42},"end":{"line":36,"column":43}},"loc":{"start":{"line":36,"column":49},"end":{"line":40,"column":7}},"line":36}},"branchMap":{"0":{"loc":{"start":{"line":6,"column":4},"end":{"line":7,"column":59}},"type":"if","locations":[{"start":{"line":6,"column":4},"end":{"line":7,"column":59}},{"start":{"line":7,"column":9},"end":{"line":7,"column":59}}],"line":6},"1":{"loc":{"start":{"line":28,"column":4},"end":{"line":28,"column":73}},"type":"if","locations":[{"start":{"line":28,"column":4},"end":{"line":28,"column":73}},{"start":{},"end":{}}],"line":28},"2":{"loc":{"start":{"line":28,"column":8},"end":{"line":28,"column":34}},"type":"binary-expr","locations":[{"start":{"line":28,"column":8},"end":{"line":28,"column":16}},{"start":{"line":28,"column":20},"end":{"line":28,"column":34}}],"line":28},"3":{"loc":{"start":{"line":29,"column":4},"end":{"line":29,"column":71}},"type":"if","locations":[{"start":{"line":29,"column":4},"end":{"line":29,"column":71}},{"start":{},"end":{}}],"line":29},"4":{"loc":{"start":{"line":29,"column":8},"end":{"line":29,"column":33}},"type":"binary-expr","locations":[{"start":{"line":29,"column":8},"end":{"line":29,"column":15}},{"start":{"line":29,"column":19},"end":{"line":29,"column":33}}],"line":29},"5":{"loc":{"start":{"line":34,"column":4},"end":{"line":41,"column":5}},"type":"if","locations":[{"start":{"line":34,"column":4},"end":{"line":41,"column":5}},{"start":{},"end":{}}],"line":34}},"s":{"0":1,"1":4,"2":1,"3":3,"4":4,"5":1,"6":1,"7":1,"8":1,"9":1,"10":1,"11":1,"12":1,"13":1,"14":1,"15":1,"16":1,"17":1,"18":1,"19":0,"20":0,"21":0,"22":0,"23":0,"24":0,"25":1,"26":0,"27":0,"28":0,"29":0,"30":0,"31":0},"f":{"0":4,"1":1,"2":1,"3":1,"4":0,"5":0,"6":0,"7":0},"b":{"0":[1,3],"1":[0,0],"2":[0,0],"3":[0,0],"4":[0,0],"5":[0,0]},"_coverageSchema":"1a1c01bbd47fc00a2c39e90264f33305004495a9","hash":"6f958bc5a5e89a9654be9d9ddc9e3e9ac9a964bb"}
,"/Users/ahmedabdelmohsen/microverse/to-do-list/src/modules/todo.js": {"path":"/Users/ahmedabdelmohsen/microverse/to-do-list/src/modules/todo.js","statementMap":{"0":{"start":{"line":3,"column":4},"end":{"line":3,"column":21}},"1":{"start":{"line":4,"column":4},"end":{"line":4,"column":31}},"2":{"start":{"line":5,"column":4},"end":{"line":5,"column":17}}},"fnMap":{"0":{"name":"(anonymous_0)","decl":{"start":{"line":2,"column":2},"end":{"line":2,"column":3}},"loc":{"start":{"line":2,"column":35},"end":{"line":6,"column":3}},"line":2}},"branchMap":{},"s":{"0":1,"1":1,"2":1},"f":{"0":1},"b":{},"_coverageSchema":"1a1c01bbd47fc00a2c39e90264f33305004495a9","hash":"a3cb3961e5a4f47f3237f0be5542ab3e5b245b90"}
,"/Users/ahmedabdelmohsen/microverse/to-do-list/src/modules/ui.js": {"path":"/Users/ahmedabdelmohsen/microverse/to-do-list/src/modules/ui.js","statementMap":{"0":{"start":{"line":2,"column":24},"end":{"line":21,"column":3}},"1":{"start":{"line":3,"column":15},"end":{"line":3,"column":46}},"2":{"start":{"line":4,"column":4},"end":{"line":4,"column":22}},"3":{"start":{"line":5,"column":4},"end":{"line":20,"column":7}},"4":{"start":{"line":6,"column":6},"end":{"line":19,"column":17}},"5":{"start":{"line":23,"column":22},"end":{"line":25,"column":17}},"6":{"start":{"line":23,"column":28},"end":{"line":25,"column":17}},"7":{"start":{"line":27,"column":22},"end":{"line":29,"column":3}},"8":{"start":{"line":28,"column":4},"end":{"line":28,"column":48}},"9":{"start":{"line":31,"column":31},"end":{"line":41,"column":3}},"10":{"start":{"line":32,"column":4},"end":{"line":40,"column":5}},"11":{"start":{"line":33,"column":6},"end":{"line":35,"column":9}},"12":{"start":{"line":34,"column":8},"end":{"line":34,"column":55}},"13":{"start":{"line":34,"column":28},"end":{"line":34,"column":55}},"14":{"start":{"line":37,"column":6},"end":{"line":39,"column":9}},"15":{"start":{"line":38,"column":8},"end":{"line":38,"column":58}},"16":{"start":{"line":38,"column":28},"end":{"line":38,"column":58}}},"fnMap":{"0":{"name":"(anonymous_0)","decl":{"start":{"line":2,"column":24},"end":{"line":2,"column":25}},"loc":{"start":{"line":2,"column":35},"end":{"line":21,"column":3}},"line":2},"1":{"name":"(anonymous_1)","decl":{"start":{"line":5,"column":18},"end":{"line":5,"column":19}},"loc":{"start":{"line":5,"column":27},"end":{"line":20,"column":5}},"line":5},"2":{"name":"(anonymous_2)","decl":{"start":{"line":23,"column":22},"end":{"line":23,"column":23}},"loc":{"start":{"line":23,"column":28},"end":{"line":25,"column":17}},"line":23},"3":{"name":"(anonymous_3)","decl":{"start":{"line":27,"column":22},"end":{"line":27,"column":23}},"loc":{"start":{"line":27,"column":28},"end":{"line":29,"column":3}},"line":27},"4":{"name":"(anonymous_4)","decl":{"start":{"line":31,"column":31},"end":{"line":31,"column":32}},"loc":{"start":{"line":31,"column":52},"end":{"line":41,"column":3}},"line":31},"5":{"name":"(anonymous_5)","decl":{"start":{"line":33,"column":45},"end":{"line":33,"column":46}},"loc":{"start":{"line":33,"column":55},"end":{"line":35,"column":7}},"line":33},"6":{"name":"(anonymous_6)","decl":{"start":{"line":37,"column":45},"end":{"line":37,"column":46}},"loc":{"start":{"line":37,"column":55},"end":{"line":39,"column":7}},"line":37}},"branchMap":{"0":{"loc":{"start":{"line":12,"column":16},"end":{"line":12,"column":42}},"type":"binary-expr","locations":[{"start":{"line":12,"column":16},"end":{"line":12,"column":29}},{"start":{"line":12,"column":33},"end":{"line":12,"column":42}}],"line":12},"1":{"loc":{"start":{"line":15,"column":16},"end":{"line":15,"column":39}},"type":"binary-expr","locations":[{"start":{"line":15,"column":16},"end":{"line":15,"column":29}},{"start":{"line":15,"column":33},"end":{"line":15,"column":39}}],"line":15},"2":{"loc":{"start":{"line":32,"column":4},"end":{"line":40,"column":5}},"type":"if","locations":[{"start":{"line":32,"column":4},"end":{"line":40,"column":5}},{"start":{"line":36,"column":11},"end":{"line":40,"column":5}}],"line":32},"3":{"loc":{"start":{"line":34,"column":8},"end":{"line":34,"column":55}},"type":"if","locations":[{"start":{"line":34,"column":8},"end":{"line":34,"column":55}},{"start":{},"end":{}}],"line":34},"4":{"loc":{"start":{"line":38,"column":8},"end":{"line":38,"column":58}},"type":"if","locations":[{"start":{"line":38,"column":8},"end":{"line":38,"column":58}},{"start":{},"end":{}}],"line":38}},"s":{"0":1,"1":0,"2":0,"3":0,"4":0,"5":1,"6":0,"7":1,"8":0,"9":1,"10":0,"11":0,"12":0,"13":0,"14":0,"15":0,"16":0},"f":{"0":0,"1":0,"2":0,"3":0,"4":0,"5":0,"6":0},"b":{"0":[0,0],"1":[0,0],"2":[0,0],"3":[0,0],"4":[0,0]},"_coverageSchema":"1a1c01bbd47fc00a2c39e90264f33305004495a9","hash":"32c22e54fa17a47f8a39764766fd2f78f4ee2c91"}
}
