{"/Users/ahmedabdelmohsen/microverse/to-do-list/src/modules/store.js": {"path":"/Users/ahmedabdelmohsen/microverse/to-do-list/src/modules/store.js","statementMap":{"0":{"start":{"line":4,"column":20},"end":{"line":9,"column":3}},"1":{"start":{"line":6,"column":4},"end":{"line":7,"column":59}},"2":{"start":{"line":6,"column":40},"end":{"line":6,"column":51}},"3":{"start":{"line":7,"column":9},"end":{"line":7,"column":59}},"4":{"start":{"line":8,"column":4},"end":{"line":8,"column":17}},"5":{"start":{"line":11,"column":19},"end":{"line":17,"column":3}},"6":{"start":{"line":12,"column":18},"end":{"line":12,"column":34}},"7":{"start":{"line":13,"column":4},"end":{"line":13,"column":21}},"8":{"start":{"line":14,"column":4},"end":{"line":14,"column":57}},"9":{"start":{"line":15,"column":4},"end":{"line":15,"column":27}},"10":{"start":{"line":16,"column":4},"end":{"line":16,"column":17}},"11":{"start":{"line":19,"column":22},"end":{"line":25,"column":3}},"12":{"start":{"line":20,"column":16},"end":{"line":20,"column":32}},"13":{"start":{"line":21,"column":4},"end":{"line":21,"column":51}},"14":{"start":{"line":21,"column":35},"end":{"line":21,"column":49}},"15":{"start":{"line":22,"column":4},"end":{"line":22,"column":57}},"16":{"start":{"line":23,"column":4},"end":{"line":23,"column":27}},"17":{"start":{"line":24,"column":4},"end":{"line":24,"column":17}},"18":{"start":{"line":27,"column":30},"end":{"line":32,"column":6}},"19":{"start":{"line":28,"column":4},"end":{"line":32,"column":6}},"20":{"start":{"line":29,"column":6},"end":{"line":29,"column":75}},"21":{"start":{"line":29,"column":38},"end":{"line":29,"column":75}},"22":{"start":{"line":30,"column":6},"end":{"line":30,"column":73}},"23":{"start":{"line":30,"column":37},"end":{"line":30,"column":73}},"24":{"start":{"line":31,"column":6},"end":{"line":31,"column":18}},"25":{"start":{"line":34,"column":26},"end":{"line":43,"column":3}},"26":{"start":{"line":35,"column":4},"end":{"line":42,"column":5}},"27":{"start":{"line":36,"column":18},"end":{"line":36,"column":34}},"28":{"start":{"line":37,"column":6},"end":{"line":41,"column":9}},"29":{"start":{"line":38,"column":8},"end":{"line":38,"column":41}},"30":{"start":{"line":39,"column":8},"end":{"line":39,"column":58}},"31":{"start":{"line":40,"column":8},"end":{"line":40,"column":61}}},"fnMap":{"0":{"name":"(anonymous_0)","decl":{"start":{"line":4,"column":20},"end":{"line":4,"column":21}},"loc":{"start":{"line":4,"column":26},"end":{"line":9,"column":3}},"line":4},"1":{"name":"(anonymous_1)","decl":{"start":{"line":11,"column":19},"end":{"line":11,"column":20}},"loc":{"start":{"line":11,"column":29},"end":{"line":17,"column":3}},"line":11},"2":{"name":"(anonymous_2)","decl":{"start":{"line":19,"column":22},"end":{"line":19,"column":23}},"loc":{"start":{"line":19,"column":30},"end":{"line":25,"column":3}},"line":19},"3":{"name":"(anonymous_3)","decl":{"start":{"line":21,"column":25},"end":{"line":21,"column":26}},"loc":{"start":{"line":21,"column":35},"end":{"line":21,"column":49}},"line":21},"4":{"name":"(anonymous_4)","decl":{"start":{"line":27,"column":30},"end":{"line":27,"column":31}},"loc":{"start":{"line":28,"column":4},"end":{"line":32,"column":6}},"line":28},"5":{"name":"(anonymous_5)","decl":{"start":{"line":28,"column":14},"end":{"line":28,"column":15}},"loc":{"start":{"line":28,"column":24},"end":{"line":32,"column":5}},"line":28},"6":{"name":"(anonymous_6)","decl":{"start":{"line":34,"column":26},"end":{"line":34,"column":27}},"loc":{"start":{"line":34,"column":40},"end":{"line":43,"column":3}},"line":34},"7":{"name":"(anonymous_7)","decl":{"start":{"line":37,"column":42},"end":{"line":37,"column":43}},"loc":{"start":{"line":37,"column":49},"end":{"line":41,"column":7}},"line":37}},"branchMap":{"0":{"loc":{"start":{"line":6,"column":4},"end":{"line":7,"column":59}},"type":"if","locations":[{"start":{"line":6,"column":4},"end":{"line":7,"column":59}},{"start":{"line":7,"column":9},"end":{"line":7,"column":59}}],"line":6},"1":{"loc":{"start":{"line":29,"column":6},"end":{"line":29,"column":75}},"type":"if","locations":[{"start":{"line":29,"column":6},"end":{"line":29,"column":75}},{"start":{},"end":{}}],"line":29},"2":{"loc":{"start":{"line":29,"column":10},"end":{"line":29,"column":36}},"type":"binary-expr","locations":[{"start":{"line":29,"column":10},"end":{"line":29,"column":18}},{"start":{"line":29,"column":22},"end":{"line":29,"column":36}}],"line":29},"3":{"loc":{"start":{"line":30,"column":6},"end":{"line":30,"column":73}},"type":"if","locations":[{"start":{"line":30,"column":6},"end":{"line":30,"column":73}},{"start":{},"end":{}}],"line":30},"4":{"loc":{"start":{"line":30,"column":10},"end":{"line":30,"column":35}},"type":"binary-expr","locations":[{"start":{"line":30,"column":10},"end":{"line":30,"column":17}},{"start":{"line":30,"column":21},"end":{"line":30,"column":35}}],"line":30},"5":{"loc":{"start":{"line":35,"column":4},"end":{"line":42,"column":5}},"type":"if","locations":[{"start":{"line":35,"column":4},"end":{"line":42,"column":5}},{"start":{},"end":{}}],"line":35}},"s":{"0":1,"1":4,"2":1,"3":3,"4":4,"5":1,"6":1,"7":1,"8":1,"9":1,"10":1,"11":1,"12":1,"13":1,"14":1,"15":1,"16":1,"17":1,"18":1,"19":0,"20":0,"21":0,"22":0,"23":0,"24":0,"25":1,"26":0,"27":0,"28":0,"29":0,"30":0,"31":0},"f":{"0":4,"1":1,"2":1,"3":1,"4":0,"5":0,"6":0,"7":0},"b":{"0":[1,3],"1":[0,0],"2":[0,0],"3":[0,0],"4":[0,0],"5":[0,0]},"_coverageSchema":"1a1c01bbd47fc00a2c39e90264f33305004495a9","hash":"24415f4ebbd5f5cb42ff36cc2079e978efa98680"}
,"/Users/ahmedabdelmohsen/microverse/to-do-list/src/modules/todo.js": {"path":"/Users/ahmedabdelmohsen/microverse/to-do-list/src/modules/todo.js","statementMap":{"0":{"start":{"line":3,"column":4},"end":{"line":3,"column":21}},"1":{"start":{"line":4,"column":4},"end":{"line":4,"column":31}},"2":{"start":{"line":5,"column":4},"end":{"line":5,"column":17}}},"fnMap":{"0":{"name":"(anonymous_0)","decl":{"start":{"line":2,"column":2},"end":{"line":2,"column":3}},"loc":{"start":{"line":2,"column":35},"end":{"line":6,"column":3}},"line":2}},"branchMap":{},"s":{"0":1,"1":1,"2":1},"f":{"0":1},"b":{},"_coverageSchema":"1a1c01bbd47fc00a2c39e90264f33305004495a9","hash":"a3cb3961e5a4f47f3237f0be5542ab3e5b245b90"}
,"/Users/ahmedabdelmohsen/microverse/to-do-list/src/modules/ui.js": {"path":"/Users/ahmedabdelmohsen/microverse/to-do-list/src/modules/ui.js","statementMap":{"0":{"start":{"line":2,"column":24},"end":{"line":21,"column":3}},"1":{"start":{"line":3,"column":15},"end":{"line":3,"column":46}},"2":{"start":{"line":4,"column":4},"end":{"line":4,"column":22}},"3":{"start":{"line":5,"column":4},"end":{"line":20,"column":7}},"4":{"start":{"line":6,"column":6},"end":{"line":19,"column":17}},"5":{"start":{"line":23,"column":22},"end":{"line":26,"column":19}},"6":{"start":{"line":24,"column":4},"end":{"line":26,"column":19}},"7":{"start":{"line":28,"column":22},"end":{"line":30,"column":3}},"8":{"start":{"line":29,"column":4},"end":{"line":29,"column":48}},"9":{"start":{"line":32,"column":31},"end":{"line":42,"column":3}},"10":{"start":{"line":33,"column":4},"end":{"line":41,"column":5}},"11":{"start":{"line":34,"column":6},"end":{"line":36,"column":9}},"12":{"start":{"line":35,"column":8},"end":{"line":35,"column":55}},"13":{"start":{"line":35,"column":28},"end":{"line":35,"column":55}},"14":{"start":{"line":38,"column":6},"end":{"line":40,"column":9}},"15":{"start":{"line":39,"column":8},"end":{"line":39,"column":58}},"16":{"start":{"line":39,"column":28},"end":{"line":39,"column":58}}},"fnMap":{"0":{"name":"(anonymous_0)","decl":{"start":{"line":2,"column":24},"end":{"line":2,"column":25}},"loc":{"start":{"line":2,"column":35},"end":{"line":21,"column":3}},"line":2},"1":{"name":"(anonymous_1)","decl":{"start":{"line":5,"column":18},"end":{"line":5,"column":19}},"loc":{"start":{"line":5,"column":27},"end":{"line":20,"column":5}},"line":5},"2":{"name":"(anonymous_2)","decl":{"start":{"line":23,"column":22},"end":{"line":23,"column":23}},"loc":{"start":{"line":24,"column":4},"end":{"line":26,"column":19}},"line":24},"3":{"name":"(anonymous_3)","decl":{"start":{"line":28,"column":22},"end":{"line":28,"column":23}},"loc":{"start":{"line":28,"column":28},"end":{"line":30,"column":3}},"line":28},"4":{"name":"(anonymous_4)","decl":{"start":{"line":32,"column":31},"end":{"line":32,"column":32}},"loc":{"start":{"line":32,"column":52},"end":{"line":42,"column":3}},"line":32},"5":{"name":"(anonymous_5)","decl":{"start":{"line":34,"column":45},"end":{"line":34,"column":46}},"loc":{"start":{"line":34,"column":55},"end":{"line":36,"column":7}},"line":34},"6":{"name":"(anonymous_6)","decl":{"start":{"line":38,"column":45},"end":{"line":38,"column":46}},"loc":{"start":{"line":38,"column":55},"end":{"line":40,"column":7}},"line":38}},"branchMap":{"0":{"loc":{"start":{"line":12,"column":8},"end":{"line":12,"column":34}},"type":"binary-expr","locations":[{"start":{"line":12,"column":8},"end":{"line":12,"column":21}},{"start":{"line":12,"column":25},"end":{"line":12,"column":34}}],"line":12},"1":{"loc":{"start":{"line":15,"column":8},"end":{"line":15,"column":31}},"type":"binary-expr","locations":[{"start":{"line":15,"column":8},"end":{"line":15,"column":21}},{"start":{"line":15,"column":25},"end":{"line":15,"column":31}}],"line":15},"2":{"loc":{"start":{"line":33,"column":4},"end":{"line":41,"column":5}},"type":"if","locations":[{"start":{"line":33,"column":4},"end":{"line":41,"column":5}},{"start":{"line":37,"column":11},"end":{"line":41,"column":5}}],"line":33},"3":{"loc":{"start":{"line":35,"column":8},"end":{"line":35,"column":55}},"type":"if","locations":[{"start":{"line":35,"column":8},"end":{"line":35,"column":55}},{"start":{},"end":{}}],"line":35},"4":{"loc":{"start":{"line":39,"column":8},"end":{"line":39,"column":58}},"type":"if","locations":[{"start":{"line":39,"column":8},"end":{"line":39,"column":58}},{"start":{},"end":{}}],"line":39}},"s":{"0":1,"1":0,"2":0,"3":0,"4":0,"5":1,"6":0,"7":1,"8":0,"9":1,"10":0,"11":0,"12":0,"13":0,"14":0,"15":0,"16":0},"f":{"0":0,"1":0,"2":0,"3":0,"4":0,"5":0,"6":0},"b":{"0":[0,0],"1":[0,0],"2":[0,0],"3":[0,0],"4":[0,0]},"_coverageSchema":"1a1c01bbd47fc00a2c39e90264f33305004495a9","hash":"f0f59c094da36a083b255c96f46b455ae0edb0af"}
}
